TN:
SF:C:\Atlassian\NPM\cellarise-connector-mssql\lib\mssql.js
FN:10,initializeSchema
FN:35,(anonymous_2)
FN:52,MsSQL
FN:64,wrapColumn
FN:69,(anonymous_5)
FN:85,(anonymous_6)
FN:107,(anonymous_7)
FN:130,disconnect
FN:144,(anonymous_9)
FN:156,(anonymous_10)
FN:175,(anonymous_11)
FN:185,(anonymous_12)
FN:197,(anonymous_13)
FN:210,(anonymous_14)
FN:223,(anonymous_15)
FN:250,(anonymous_16)
FN:251,(anonymous_17)
FN:265,(anonymous_18)
FN:269,(anonymous_19)
FN:281,(anonymous_20)
FN:294,(anonymous_21)
FN:299,(anonymous_22)
FN:305,(anonymous_23)
FN:315,(anonymous_24)
FN:323,(anonymous_25)
FN:325,(anonymous_26)
FN:332,(anonymous_27)
FN:335,(anonymous_28)
FN:341,(anonymous_29)
FN:347,(anonymous_30)
FN:353,(anonymous_31)
FN:363,(anonymous_32)
FN:375,dateToMsSql
FN:383,fillZeros
FN:390,(anonymous_35)
FN:414,(anonymous_36)
FN:443,(anonymous_37)
FN:450,(anonymous_38)
FN:462,(anonymous_39)
FN:466,(anonymous_40)
FN:470,(anonymous_41)
FN:493,(anonymous_42)
FN:497,(anonymous_43)
FN:512,(anonymous_44)
FN:517,(anonymous_45)
FN:531,(anonymous_46)
FN:535,(anonymous_47)
FN:596,(anonymous_48)
FN:599,(anonymous_49)
FN:601,(anonymous_50)
FN:602,(anonymous_51)
FN:612,done
FN:622,(anonymous_53)
FN:626,(anonymous_54)
FN:628,(anonymous_55)
FN:635,done
FN:648,(anonymous_57)
FN:651,(anonymous_58)
FN:654,(anonymous_59)
FN:661,(anonymous_60)
FN:675,(anonymous_61)
FN:678,(anonymous_62)
FN:692,(anonymous_63)
FN:701,(anonymous_64)
FN:714,(anonymous_65)
FN:726,(anonymous_66)
FN:750,(anonymous_67)
FN:781,actualize
FN:788,changed
FN:796,(anonymous_70)
FN:803,(anonymous_71)
FN:822,(anonymous_72)
FN:853,(anonymous_73)
FN:872,(anonymous_74)
FN:892,(anonymous_75)
FN:898,(anonymous_76)
FN:901,(anonymous_77)
FN:903,(anonymous_78)
FN:906,(anonymous_79)
FN:915,done
FN:922,(anonymous_81)
FN:932,(anonymous_82)
FN:948,(anonymous_83)
FN:952,(anonymous_84)
FN:962,(anonymous_85)
FN:970,datatype
FNF:86
FNH:0
FNDA:0,initializeSchema
FNDA:0,(anonymous_2)
FNDA:0,MsSQL
FNDA:0,wrapColumn
FNDA:0,(anonymous_5)
FNDA:0,(anonymous_6)
FNDA:0,(anonymous_7)
FNDA:0,disconnect
FNDA:0,(anonymous_9)
FNDA:0,(anonymous_10)
FNDA:0,(anonymous_11)
FNDA:0,(anonymous_12)
FNDA:0,(anonymous_13)
FNDA:0,(anonymous_14)
FNDA:0,(anonymous_15)
FNDA:0,(anonymous_16)
FNDA:0,(anonymous_17)
FNDA:0,(anonymous_18)
FNDA:0,(anonymous_19)
FNDA:0,(anonymous_20)
FNDA:0,(anonymous_21)
FNDA:0,(anonymous_22)
FNDA:0,(anonymous_23)
FNDA:0,(anonymous_24)
FNDA:0,(anonymous_25)
FNDA:0,(anonymous_26)
FNDA:0,(anonymous_27)
FNDA:0,(anonymous_28)
FNDA:0,(anonymous_29)
FNDA:0,(anonymous_30)
FNDA:0,(anonymous_31)
FNDA:0,(anonymous_32)
FNDA:0,dateToMsSql
FNDA:0,fillZeros
FNDA:0,(anonymous_35)
FNDA:0,(anonymous_36)
FNDA:0,(anonymous_37)
FNDA:0,(anonymous_38)
FNDA:0,(anonymous_39)
FNDA:0,(anonymous_40)
FNDA:0,(anonymous_41)
FNDA:0,(anonymous_42)
FNDA:0,(anonymous_43)
FNDA:0,(anonymous_44)
FNDA:0,(anonymous_45)
FNDA:0,(anonymous_46)
FNDA:0,(anonymous_47)
FNDA:0,(anonymous_48)
FNDA:0,(anonymous_49)
FNDA:0,(anonymous_50)
FNDA:0,(anonymous_51)
FNDA:0,done
FNDA:0,(anonymous_53)
FNDA:0,(anonymous_54)
FNDA:0,(anonymous_55)
FNDA:0,done
FNDA:0,(anonymous_57)
FNDA:0,(anonymous_58)
FNDA:0,(anonymous_59)
FNDA:0,(anonymous_60)
FNDA:0,(anonymous_61)
FNDA:0,(anonymous_62)
FNDA:0,(anonymous_63)
FNDA:0,(anonymous_64)
FNDA:0,(anonymous_65)
FNDA:0,(anonymous_66)
FNDA:0,(anonymous_67)
FNDA:0,actualize
FNDA:0,changed
FNDA:0,(anonymous_70)
FNDA:0,(anonymous_71)
FNDA:0,(anonymous_72)
FNDA:0,(anonymous_73)
FNDA:0,(anonymous_74)
FNDA:0,(anonymous_75)
FNDA:0,(anonymous_76)
FNDA:0,(anonymous_77)
FNDA:0,(anonymous_78)
FNDA:0,(anonymous_79)
FNDA:0,done
FNDA:0,(anonymous_81)
FNDA:0,(anonymous_82)
FNDA:0,(anonymous_83)
FNDA:0,(anonymous_84)
FNDA:0,(anonymous_85)
FNDA:0,datatype
DA:2,1
DA:3,0
DA:4,0
DA:5,0
DA:7,0
DA:9,0
DA:10,0
DA:12,0
DA:14,0
DA:22,0
DA:23,0
DA:24,0
DA:27,0
DA:28,0
DA:29,0
DA:31,0
DA:32,0
DA:35,0
DA:37,0
DA:38,0
DA:41,0
DA:42,0
DA:45,0
DA:46,0
DA:47,0
DA:48,0
DA:49,0
DA:52,1
DA:53,0
DA:54,0
DA:55,0
DA:56,0
DA:57,0
DA:60,0
DA:62,0
DA:64,1
DA:65,0
DA:66,0
DA:69,0
DA:71,0
DA:72,0
DA:73,0
DA:74,0
DA:75,0
DA:76,0
DA:79,0
DA:80,0
DA:84,0
DA:85,0
DA:86,0
DA:87,0
DA:88,0
DA:89,0
DA:90,0
DA:94,0
DA:97,0
DA:100,0
DA:101,0
DA:102,0
DA:103,0
DA:104,0
DA:107,0
DA:108,0
DA:109,0
DA:110,0
DA:112,0
DA:116,0
DA:117,0
DA:118,0
DA:119,0
DA:120,0
DA:124,0
DA:127,0
DA:130,0
DA:131,0
DA:144,0
DA:145,0
DA:147,0
DA:150,0
DA:152,0
DA:153,0
DA:156,0
DA:157,0
DA:158,0
DA:159,0
DA:162,0
DA:165,0
DA:175,0
DA:177,0
DA:178,0
DA:179,0
DA:180,0
DA:181,0
DA:185,0
DA:187,0
DA:190,0
DA:192,0
DA:197,0
DA:200,0
DA:201,0
DA:202,0
DA:203,0
DA:205,0
DA:206,0
DA:207,0
DA:208,0
DA:209,0
DA:210,0
DA:211,0
DA:213,0
DA:214,0
DA:215,0
DA:216,0
DA:217,0
DA:221,0
DA:222,0
DA:223,0
DA:224,0
DA:225,0
DA:227,0
DA:228,0
DA:229,0
DA:230,0
DA:231,0
DA:234,0
DA:235,0
DA:236,0
DA:237,0
DA:238,0
DA:240,0
DA:244,0
DA:245,0
DA:246,0
DA:247,0
DA:250,0
DA:251,0
DA:252,0
DA:254,0
DA:255,0
DA:257,0
DA:258,0
DA:265,0
DA:266,0
DA:269,0
DA:270,0
DA:271,0
DA:272,0
DA:275,0
DA:276,0
DA:278,0
DA:281,0
DA:282,0
DA:283,0
DA:284,0
DA:286,0
DA:288,0
DA:290,0
DA:294,0
DA:295,0
DA:296,0
DA:297,0
DA:299,0
DA:300,0
DA:301,0
DA:305,0
DA:306,0
DA:307,0
DA:309,0
DA:311,0
DA:312,0
DA:315,0
DA:316,0
DA:317,0
DA:320,0
DA:323,0
DA:324,0
DA:325,0
DA:327,0
DA:328,0
DA:332,0
DA:333,0
DA:334,0
DA:335,0
DA:336,0
DA:337,0
DA:341,0
DA:343,0
DA:344,0
DA:345,0
DA:347,0
DA:348,0
DA:349,0
DA:353,0
DA:354,0
DA:355,0
DA:356,0
DA:357,0
DA:358,0
DA:360,0
DA:362,0
DA:363,0
DA:364,0
DA:365,0
DA:366,0
DA:367,0
DA:371,0
DA:375,1
DA:376,0
DA:383,1
DA:384,0
DA:390,0
DA:391,0
DA:393,0
DA:395,0
DA:396,0
DA:398,0
DA:399,0
DA:401,0
DA:402,0
DA:403,0
DA:404,0
DA:407,0
DA:410,0
DA:412,0
DA:413,0
DA:414,0
DA:415,0
DA:418,0
DA:420,0
DA:421,0
DA:424,0
DA:425,0
DA:426,0
DA:429,0
DA:430,0
DA:433,0
DA:436,0
DA:437,0
DA:440,0
DA:443,0
DA:444,0
DA:445,0
DA:448,0
DA:449,0
DA:450,0
DA:451,0
DA:452,0
DA:453,0
DA:454,0
DA:457,0
DA:459,0
DA:462,0
DA:463,0
DA:466,0
DA:467,0
DA:470,0
DA:471,0
DA:472,0
DA:473,0
DA:474,0
DA:476,0
DA:477,0
DA:478,0
DA:482,0
DA:483,0
DA:484,0
DA:488,0
DA:489,0
DA:493,0
DA:494,0
DA:497,0
DA:498,0
DA:502,0
DA:503,0
DA:505,0
DA:509,0
DA:512,0
DA:513,0
DA:514,0
DA:517,0
DA:518,0
DA:521,0
DA:522,0
DA:524,0
DA:525,0
DA:527,0
DA:531,0
DA:533,0
DA:534,0
DA:535,0
DA:536,0
DA:537,0
DA:538,0
DA:539,0
DA:540,0
DA:541,0
DA:542,0
DA:543,0
DA:544,0
DA:545,0
DA:547,0
DA:548,0
DA:549,0
DA:550,0
DA:551,0
DA:552,0
DA:554,0
DA:555,0
DA:556,0
DA:558,0
DA:560,0
DA:561,0
DA:563,0
DA:564,0
DA:566,0
DA:567,0
DA:569,0
DA:570,0
DA:572,0
DA:573,0
DA:575,0
DA:576,0
DA:578,0
DA:579,0
DA:581,0
DA:582,0
DA:584,0
DA:585,0
DA:587,0
DA:590,0
DA:591,0
DA:593,0
DA:596,0
DA:597,0
DA:598,0
DA:599,0
DA:600,0
DA:601,0
DA:602,0
DA:603,0
DA:604,0
DA:606,0
DA:612,1
DA:613,0
DA:614,0
DA:616,0
DA:617,0
DA:622,0
DA:623,0
DA:624,0
DA:625,0
DA:626,0
DA:627,0
DA:628,0
DA:630,0
DA:635,1
DA:636,0
DA:637,0
DA:639,0
DA:640,0
DA:641,0
DA:648,0
DA:649,0
DA:650,0
DA:651,0
DA:652,0
DA:654,0
DA:655,0
DA:657,0
DA:658,0
DA:660,0
DA:661,0
DA:662,0
DA:663,0
DA:664,0
DA:669,0
DA:672,0
DA:675,0
DA:676,0
DA:677,0
DA:678,0
DA:679,0
DA:680,0
DA:684,0
DA:685,0
DA:687,0
DA:692,0
DA:693,0
DA:694,0
DA:695,0
DA:696,0
DA:701,0
DA:702,0
DA:703,0
DA:704,0
DA:707,0
DA:709,0
DA:712,0
DA:713,0
DA:714,0
DA:715,0
DA:718,0
DA:719,0
DA:720,0
DA:726,0
DA:727,0
DA:728,0
DA:729,0
DA:731,0
DA:732,0
DA:733,0
DA:734,0
DA:735,0
DA:736,0
DA:738,0
DA:741,0
DA:742,0
DA:744,0
DA:750,0
DA:751,0
DA:752,0
DA:753,0
DA:754,0
DA:755,0
DA:756,0
DA:757,0
DA:759,0
DA:760,0
DA:762,0
DA:763,0
DA:765,0
DA:770,0
DA:771,0
DA:772,0
DA:773,0
DA:775,0
DA:778,0
DA:781,1
DA:782,0
DA:783,0
DA:784,0
DA:788,1
DA:789,0
DA:790,0
DA:791,0
DA:792,0
DA:796,0
DA:798,0
DA:799,0
DA:800,0
DA:802,0
DA:803,0
DA:804,0
DA:805,0
DA:807,0
DA:809,0
DA:810,0
DA:811,0
DA:812,0
DA:813,0
DA:814,0
DA:817,0
DA:819,0
DA:822,0
DA:824,0
DA:825,0
DA:826,0
DA:827,0
DA:828,0
DA:829,0
DA:830,0
DA:832,0
DA:833,0
DA:835,0
DA:836,0
DA:838,0
DA:839,0
DA:840,0
DA:842,0
DA:843,0
DA:844,0
DA:845,0
DA:846,0
DA:847,0
DA:849,0
DA:850,0
DA:853,0
DA:855,0
DA:856,0
DA:857,0
DA:858,0
DA:859,0
DA:860,0
DA:861,0
DA:863,0
DA:864,0
DA:866,0
DA:867,0
DA:869,0
DA:870,0
DA:871,0
DA:872,0
DA:873,0
DA:874,0
DA:875,0
DA:876,0
DA:879,0
DA:880,0
DA:882,0
DA:883,0
DA:884,0
DA:885,0
DA:886,0
DA:888,0
DA:889,0
DA:892,0
DA:893,0
DA:894,0
DA:898,0
DA:899,0
DA:900,0
DA:901,0
DA:902,0
DA:903,0
DA:905,0
DA:906,0
DA:908,0
DA:909,0
DA:913,0
DA:915,1
DA:916,0
DA:917,0
DA:922,0
DA:923,0
DA:924,0
DA:925,0
DA:926,0
DA:927,0
DA:929,0
DA:932,0
DA:933,0
DA:934,0
DA:935,0
DA:936,0
DA:937,0
DA:938,0
DA:939,0
DA:940,0
DA:942,0
DA:944,0
DA:945,0
DA:948,0
DA:949,0
DA:950,0
DA:952,0
DA:953,0
DA:954,0
DA:955,0
DA:960,0
DA:961,0
DA:962,0
DA:963,0
DA:967,0
DA:970,1
DA:971,0
DA:972,0
DA:976,0
DA:977,0
DA:979,0
DA:980,0
DA:982,0
DA:983,0
DA:985,0
DA:986,0
DA:988,0
DA:989,0
DA:991,0
DA:992,0
DA:994,0
LF:579
LH:11
BRDA:12,1,0,0
BRDA:12,1,1,0
BRDA:12,2,0,0
BRDA:12,2,1,0
BRDA:12,2,2,0
BRDA:22,3,0,0
BRDA:22,3,1,0
BRDA:22,4,0,0
BRDA:22,4,1,0
BRDA:27,5,0,0
BRDA:27,5,1,0
BRDA:27,6,0,0
BRDA:27,6,1,0
BRDA:27,6,2,0
BRDA:31,7,0,0
BRDA:31,7,1,0
BRDA:37,8,0,0
BRDA:37,8,1,0
BRDA:49,9,0,0
BRDA:49,9,1,0
BRDA:74,10,0,0
BRDA:74,10,1,0
BRDA:84,11,0,0
BRDA:84,11,1,0
BRDA:87,12,0,0
BRDA:87,12,1,0
BRDA:88,13,0,0
BRDA:88,13,1,0
BRDA:103,14,0,0
BRDA:103,14,1,0
BRDA:108,15,0,0
BRDA:108,15,1,0
BRDA:117,16,0,0
BRDA:117,16,1,0
BRDA:118,17,0,0
BRDA:118,17,1,0
BRDA:145,18,0,0
BRDA:145,18,1,0
BRDA:152,19,0,0
BRDA:152,19,1,0
BRDA:158,20,0,0
BRDA:158,20,1,0
BRDA:158,21,0,0
BRDA:158,21,1,0
BRDA:159,22,0,0
BRDA:159,22,1,0
BRDA:187,23,0,0
BRDA:187,23,1,0
BRDA:190,24,0,0
BRDA:190,24,1,0
BRDA:190,25,0,0
BRDA:190,25,1,0
BRDA:211,26,0,0
BRDA:211,26,1,0
BRDA:213,27,0,0
BRDA:213,27,1,0
BRDA:213,28,0,0
BRDA:213,28,1,0
BRDA:222,29,0,0
BRDA:222,29,1,0
BRDA:224,30,0,0
BRDA:224,30,1,0
BRDA:225,31,0,0
BRDA:225,31,1,0
BRDA:252,32,0,0
BRDA:252,32,1,0
BRDA:254,33,0,0
BRDA:254,33,1,0
BRDA:254,34,0,0
BRDA:254,34,1,0
BRDA:275,35,0,0
BRDA:275,35,1,0
BRDA:282,36,0,0
BRDA:282,36,1,0
BRDA:286,37,0,0
BRDA:286,37,1,0
BRDA:300,38,0,0
BRDA:300,38,1,0
BRDA:311,39,0,0
BRDA:311,39,1,0
BRDA:316,40,0,0
BRDA:316,40,1,0
BRDA:327,41,0,0
BRDA:327,41,1,0
BRDA:336,42,0,0
BRDA:336,42,1,0
BRDA:348,43,0,0
BRDA:348,43,1,0
BRDA:364,44,0,0
BRDA:364,44,1,0
BRDA:384,45,0,0
BRDA:384,45,1,0
BRDA:391,46,0,0
BRDA:391,46,1,0
BRDA:391,47,0,0
BRDA:391,47,1,0
BRDA:395,48,0,0
BRDA:395,48,1,0
BRDA:395,49,0,0
BRDA:395,49,1,0
BRDA:398,50,0,0
BRDA:398,50,1,0
BRDA:398,51,0,0
BRDA:398,51,1,0
BRDA:401,52,0,0
BRDA:401,52,1,0
BRDA:401,53,0,0
BRDA:401,53,1,0
BRDA:404,54,0,0
BRDA:404,54,1,0
BRDA:410,55,0,0
BRDA:410,55,1,0
BRDA:410,56,0,0
BRDA:410,56,1,0
BRDA:412,57,0,0
BRDA:412,57,1,0
BRDA:412,58,0,0
BRDA:412,58,1,0
BRDA:412,58,2,0
BRDA:420,59,0,0
BRDA:420,59,1,0
BRDA:424,60,0,0
BRDA:424,60,1,0
BRDA:424,61,0,0
BRDA:424,61,1,0
BRDA:425,62,0,0
BRDA:425,62,1,0
BRDA:429,63,0,0
BRDA:429,63,1,0
BRDA:436,64,0,0
BRDA:436,64,1,0
BRDA:436,65,0,0
BRDA:436,65,1,0
BRDA:437,66,0,0
BRDA:437,66,1,0
BRDA:444,67,0,0
BRDA:444,67,1,0
BRDA:452,68,0,0
BRDA:452,68,1,0
BRDA:453,69,0,0
BRDA:453,69,1,0
BRDA:453,70,0,0
BRDA:453,70,1,0
BRDA:454,71,0,0
BRDA:454,71,1,0
BRDA:476,72,0,0
BRDA:476,72,1,0
BRDA:477,73,0,0
BRDA:477,73,1,0
BRDA:482,74,0,0
BRDA:482,74,1,0
BRDA:482,75,0,0
BRDA:482,75,1,0
BRDA:483,76,0,0
BRDA:483,76,1,0
BRDA:488,77,0,0
BRDA:488,77,1,0
BRDA:494,78,0,0
BRDA:494,78,1,0
BRDA:502,79,0,0
BRDA:502,79,1,0
BRDA:502,80,0,0
BRDA:502,80,1,0
BRDA:513,81,0,0
BRDA:513,81,1,0
BRDA:522,82,0,0
BRDA:522,82,1,0
BRDA:524,83,0,0
BRDA:524,83,1,0
BRDA:538,84,0,0
BRDA:538,84,1,0
BRDA:540,85,0,0
BRDA:540,85,1,0
BRDA:543,86,0,0
BRDA:543,86,1,0
BRDA:543,87,0,0
BRDA:543,87,1,0
BRDA:543,87,2,0
BRDA:544,88,0,0
BRDA:544,88,1,0
BRDA:547,89,0,0
BRDA:547,89,1,0
BRDA:551,90,0,0
BRDA:551,90,1,0
BRDA:558,91,0,0
BRDA:558,91,1,0
BRDA:558,91,2,0
BRDA:558,91,3,0
BRDA:558,91,4,0
BRDA:558,91,5,0
BRDA:558,91,6,0
BRDA:558,91,7,0
BRDA:584,92,0,0
BRDA:584,92,1,0
BRDA:584,93,0,0
BRDA:584,93,1,0
BRDA:590,94,0,0
BRDA:590,94,1,0
BRDA:603,95,0,0
BRDA:603,95,1,0
BRDA:603,96,0,0
BRDA:603,96,1,0
BRDA:613,97,0,0
BRDA:613,97,1,0
BRDA:616,98,0,0
BRDA:616,98,1,0
BRDA:616,99,0,0
BRDA:616,99,1,0
BRDA:636,100,0,0
BRDA:636,100,1,0
BRDA:639,101,0,0
BRDA:639,101,1,0
BRDA:640,102,0,0
BRDA:640,102,1,0
BRDA:640,103,0,0
BRDA:640,103,1,0
BRDA:654,104,0,0
BRDA:654,104,1,0
BRDA:660,105,0,0
BRDA:660,105,1,0
BRDA:663,106,0,0
BRDA:663,106,1,0
BRDA:676,107,0,0
BRDA:676,107,1,0
BRDA:679,108,0,0
BRDA:679,108,1,0
BRDA:684,109,0,0
BRDA:684,109,1,0
BRDA:694,110,0,0
BRDA:694,110,1,0
BRDA:695,111,0,0
BRDA:695,111,1,0
BRDA:695,112,0,0
BRDA:695,112,1,0
BRDA:702,113,0,0
BRDA:702,113,1,0
BRDA:702,114,0,0
BRDA:702,114,1,0
BRDA:703,115,0,0
BRDA:703,115,1,0
BRDA:703,116,0,0
BRDA:703,116,1,0
BRDA:703,116,2,0
BRDA:703,116,3,0
BRDA:707,117,0,0
BRDA:707,117,1,0
BRDA:707,118,0,0
BRDA:707,118,1,0
BRDA:713,119,0,0
BRDA:713,119,1,0
BRDA:715,120,0,0
BRDA:715,120,1,0
BRDA:718,121,0,0
BRDA:718,121,1,0
BRDA:728,122,0,0
BRDA:728,122,1,0
BRDA:731,123,0,0
BRDA:731,123,1,0
BRDA:732,124,0,0
BRDA:732,124,1,0
BRDA:735,125,0,0
BRDA:735,125,1,0
BRDA:738,126,0,0
BRDA:738,126,1,0
BRDA:741,127,0,0
BRDA:741,127,1,0
BRDA:741,128,0,0
BRDA:741,128,1,0
BRDA:752,129,0,0
BRDA:752,129,1,0
BRDA:753,130,0,0
BRDA:753,130,1,0
BRDA:756,131,0,0
BRDA:756,131,1,0
BRDA:759,132,0,0
BRDA:759,132,1,0
BRDA:762,133,0,0
BRDA:762,133,1,0
BRDA:762,134,0,0
BRDA:762,134,1,0
BRDA:770,135,0,0
BRDA:770,135,1,0
BRDA:772,136,0,0
BRDA:772,136,1,0
BRDA:783,137,0,0
BRDA:783,137,1,0
BRDA:783,138,0,0
BRDA:783,138,1,0
BRDA:789,139,0,0
BRDA:789,139,1,0
BRDA:789,140,0,0
BRDA:789,140,1,0
BRDA:789,140,2,0
BRDA:790,141,0,0
BRDA:790,141,1,0
BRDA:790,142,0,0
BRDA:790,142,1,0
BRDA:790,143,0,0
BRDA:790,143,1,0
BRDA:791,144,0,0
BRDA:791,144,1,0
BRDA:804,145,0,0
BRDA:804,145,1,0
BRDA:813,146,0,0
BRDA:813,146,1,0
BRDA:829,147,0,0
BRDA:829,147,1,0
BRDA:832,148,0,0
BRDA:832,148,1,0
BRDA:835,149,0,0
BRDA:835,149,1,0
BRDA:839,150,0,0
BRDA:839,150,1,0
BRDA:843,151,0,0
BRDA:843,151,1,0
BRDA:846,152,0,0
BRDA:846,152,1,0
BRDA:860,153,0,0
BRDA:860,153,1,0
BRDA:863,154,0,0
BRDA:863,154,1,0
BRDA:866,155,0,0
BRDA:866,155,1,0
BRDA:882,156,0,0
BRDA:882,156,1,0
BRDA:885,157,0,0
BRDA:885,157,1,0
BRDA:895,158,0,0
BRDA:895,158,1,0
BRDA:895,159,0,0
BRDA:895,159,1,0
BRDA:905,160,0,0
BRDA:905,160,1,0
BRDA:908,161,0,0
BRDA:908,161,1,0
BRDA:913,162,0,0
BRDA:913,162,1,0
BRDA:916,163,0,0
BRDA:916,163,1,0
BRDA:916,164,0,0
BRDA:916,164,1,0
BRDA:939,165,0,0
BRDA:939,165,1,0
BRDA:954,166,0,0
BRDA:954,166,1,0
BRDA:961,167,0,0
BRDA:961,167,1,0
BRDA:972,168,0,0
BRDA:972,168,1,0
BRDA:972,168,2,0
BRDA:972,168,3,0
BRDA:972,168,4,0
BRDA:972,168,5,0
BRDA:972,168,6,0
BRDA:972,168,7,0
BRDA:976,169,0,0
BRDA:976,169,1,0
BRF:357
BRH:0
end_of_record
TN:
SF:C:\Atlassian\NPM\cellarise-connector-mssql\lib\params.js
FN:1,(anonymous_1)
FN:6,(anonymous_2)
FN:11,(anonymous_3)
FNF:3
FNH:0
FNDA:0,(anonymous_1)
FNDA:0,(anonymous_2)
FNDA:0,(anonymous_3)
DA:1,1
DA:2,0
DA:3,0
DA:6,1
DA:7,0
DA:8,0
DA:11,1
DA:12,0
DA:13,0
DA:14,0
DA:16,0
DA:17,0
DA:21,0
DA:24,1
LF:14
LH:4
BRDA:2,1,0,0
BRDA:2,1,1,0
BRDA:3,2,0,0
BRDA:3,2,1,0
BRDA:8,3,0,0
BRDA:8,3,1,0
BRDA:12,4,0,0
BRDA:12,4,1,0
BRF:8
BRH:0
end_of_record
